app/build/intermediates/manifest_merge_blame_file/debug/manifest-merger-blame-debug-report.txt
1<?xml version="1.0" encoding="utf-8"?>
2<!--
3  Copyright (C) 2019 The Android Open Source Project
4
5  Licensed under the Apache License, Version 2.0 (the "License");
6  you may not use this file except in compliance with the License.
7  You may obtain a copy of the License at
8
9       http://www.apache.org/licenses/LICENSE-2.0
10
11  Unless required by applicable law or agreed to in writing, software
12  distributed under the License is distributed on an "AS IS" BASIS,
13  WITHOUT WARRANTIES OR CONDITIONS OF ANY KIND, either express or implied.
14  See the License for the specific language governing permissions and
15  limitations under the License.
16-->
17<manifest xmlns:android="http://schemas.android.com/apk/res/android"
18    package="com.example.android.people"
19    android:versionCode="1"
20    android:versionName="1.0" >
21
22    <uses-sdk
23        android:minSdkVersion="26"
23-->src/main/AndroidManifest.xml
24        android:targetSdkVersion="33" />
24-->src/main/AndroidManifest.xml
25
26    <uses-permission android:name="android.permission.POST_NOTIFICATIONS" />
26-->src/main/AndroidManifest.xml:21:5-77
26-->src/main/AndroidManifest.xml:21:22-74
27
28    <permission
28-->[androidx.core:core:1.9.0] AndroidManifest.xml:22:5-24:47
29        android:name="com.example.android.people.DYNAMIC_RECEIVER_NOT_EXPORTED_PERMISSION"
29-->[androidx.core:core:1.9.0] AndroidManifest.xml:23:9-81
30        android:protectionLevel="signature" />
30-->[androidx.core:core:1.9.0] AndroidManifest.xml:24:9-44
31
32    <uses-permission android:name="com.example.android.people.DYNAMIC_RECEIVER_NOT_EXPORTED_PERMISSION" />
32-->[androidx.core:core:1.9.0] AndroidManifest.xml:26:5-97
32-->[androidx.core:core:1.9.0] AndroidManifest.xml:26:22-94
33
34    <application
34-->src/main/AndroidManifest.xml:23:5-117:19
35        android:allowBackup="false"
35-->src/main/AndroidManifest.xml:24:9-36
36        android:appComponentFactory="androidx.core.app.CoreComponentFactory"
36-->[androidx.core:core:1.9.0] AndroidManifest.xml:28:18-86
37        android:debuggable="true"
38        android:extractNativeLibs="false"
39        android:icon="@mipmap/ic_launcher"
39-->src/main/AndroidManifest.xml:25:9-43
40        android:label="@string/app_name"
40-->src/main/AndroidManifest.xml:26:9-41
41        android:roundIcon="@mipmap/ic_launcher_round"
41-->src/main/AndroidManifest.xml:27:9-54
42        android:supportsRtl="true"
42-->src/main/AndroidManifest.xml:28:9-35
43        android:testOnly="true"
44        android:theme="@style/Theme.People" >
44-->src/main/AndroidManifest.xml:29:9-44
45
46<!--             Our main entry point. -->
47        <activity
47-->src/main/AndroidManifest.xml:35:9-70:20
48            android:name="com.example.android.people.MainActivity"
48-->src/main/AndroidManifest.xml:36:13-67
49            android:exported="true"
49-->src/main/AndroidManifest.xml:37:13-36
50            android:launchMode="singleTop" >
50-->src/main/AndroidManifest.xml:38:13-43
51
52<!--                 This activity is the one that's shown on the launcher. -->
53            <intent-filter>
53-->src/main/AndroidManifest.xml:42:13-45:29
54                <action android:name="android.intent.action.MAIN" />
54-->src/main/AndroidManifest.xml:43:17-69
54-->src/main/AndroidManifest.xml:43:25-66
55
56                <category android:name="android.intent.category.LAUNCHER" />
56-->src/main/AndroidManifest.xml:44:17-77
56-->src/main/AndroidManifest.xml:44:27-74
57            </intent-filter>
58            <!--
59                This is used as the content URI of notifications. It navigates directly to the
60                specified chat screen.
61            -->
62            <intent-filter>
62-->src/main/AndroidManifest.xml:50:13-57:29
63                <action android:name="android.intent.action.VIEW" />
63-->src/main/AndroidManifest.xml:51:17-69
63-->src/main/AndroidManifest.xml:51:25-66
64
65                <category android:name="android.intent.category.BROWSABLE" />
65-->src/main/AndroidManifest.xml:52:17-78
65-->src/main/AndroidManifest.xml:52:27-75
66
67                <data
67-->src/main/AndroidManifest.xml:53:17-56:46
68                    android:host="android.example.com"
68-->src/main/AndroidManifest.xml:54:21-55
69                    android:pathPattern="/chat/*"
69-->src/main/AndroidManifest.xml:55:21-50
70                    android:scheme="https" />
70-->src/main/AndroidManifest.xml:56:21-43
71            </intent-filter>
72            <!--
73                This opens the chat screen with the message field filled with the passed text.
74                This is necessary for making our dynamic shortcuts appear in Direct Share.
75            -->
76            <intent-filter>
76-->src/main/AndroidManifest.xml:62:13-66:29
77                <action android:name="android.intent.action.SEND" />
77-->src/main/AndroidManifest.xml:63:17-69
77-->src/main/AndroidManifest.xml:63:25-66
78
79                <category android:name="android.intent.category.DEFAULT" />
79-->src/main/AndroidManifest.xml:64:17-76
79-->src/main/AndroidManifest.xml:64:27-73
80
81                <data android:mimeType="text/plain" />
81-->src/main/AndroidManifest.xml:53:17-56:46
81-->src/main/AndroidManifest.xml:65:23-52
82            </intent-filter>
83
84            <meta-data
84-->src/main/AndroidManifest.xml:67:13-69:53
85                android:name="android.app.shortcuts"
85-->src/main/AndroidManifest.xml:68:17-53
86                android:resource="@xml/shortcuts" />
86-->src/main/AndroidManifest.xml:69:17-50
87        </activity>
88
89        <!--
90            The fake voice-call screen.
91            This Activity can be launched from inside an expanded Bubble. Since this Activity is
92            launched as a new task, it is opened as a full Activity, rather than stacked inside
93            the expanded Bubble.
94        -->
95        <activity
95-->src/main/AndroidManifest.xml:78:9-82:57
96            android:name="com.example.android.people.VoiceCallActivity"
96-->src/main/AndroidManifest.xml:79:13-72
97            android:exported="true"
97-->src/main/AndroidManifest.xml:80:13-36
98            android:launchMode="singleInstance"
98-->src/main/AndroidManifest.xml:81:13-48
99            android:theme="@style/Theme.People.Voice" />
99-->src/main/AndroidManifest.xml:82:13-54
100
101        <!--
102            This Activity is the expanded Bubble. For that, this Activity has to have several
103            attributes.
104            - allowEmbedded="true": The expanded Bubble is embedded in the System UI.
105            - resizeableActivity="true": The expanded Bubble is resized by the System UI.
106            - documentLaunchMode="always": We show multiple bubbles in this sample. There will be
107                                           multiple instances of this Activity.
108        -->
109        <activity
109-->src/main/AndroidManifest.xml:92:9-106:20
110            android:name="com.example.android.people.BubbleActivity"
110-->src/main/AndroidManifest.xml:93:13-69
111            android:allowEmbedded="true"
111-->src/main/AndroidManifest.xml:94:13-41
112            android:documentLaunchMode="always"
112-->src/main/AndroidManifest.xml:95:13-48
113            android:exported="true"
113-->src/main/AndroidManifest.xml:96:13-36
114            android:resizeableActivity="true" >
114-->src/main/AndroidManifest.xml:97:13-46
115            <intent-filter>
115-->src/main/AndroidManifest.xml:50:13-57:29
116                <action android:name="android.intent.action.VIEW" />
116-->src/main/AndroidManifest.xml:51:17-69
116-->src/main/AndroidManifest.xml:51:25-66
117
118                <category android:name="android.intent.category.BROWSABLE" />
118-->src/main/AndroidManifest.xml:52:17-78
118-->src/main/AndroidManifest.xml:52:27-75
119
120                <data
120-->src/main/AndroidManifest.xml:53:17-56:46
121                    android:host="android.example.com"
121-->src/main/AndroidManifest.xml:54:21-55
122                    android:pathPattern="/chat/*"
122-->src/main/AndroidManifest.xml:55:21-50
123                    android:scheme="https" />
123-->src/main/AndroidManifest.xml:56:21-43
124            </intent-filter>
125        </activity>
126
127        <receiver android:name="com.example.android.people.ReplyReceiver" />
127-->src/main/AndroidManifest.xml:108:9-109:71
127-->src/main/AndroidManifest.xml:109:13-68
128
129        <provider
129-->src/main/AndroidManifest.xml:111:9-115:54
130            android:name="com.example.android.people.AssetFileProvider"
130-->src/main/AndroidManifest.xml:112:13-72
131            android:authorities="com.example.android.people"
131-->src/main/AndroidManifest.xml:113:13-61
132            android:exported="true" />
132-->src/main/AndroidManifest.xml:114:13-36
133        <provider
133-->[androidx.emoji2:emoji2:1.2.0] AndroidManifest.xml:24:9-32:20
134            android:name="androidx.startup.InitializationProvider"
134-->[androidx.emoji2:emoji2:1.2.0] AndroidManifest.xml:25:13-67
135            android:authorities="com.example.android.people.androidx-startup"
135-->[androidx.emoji2:emoji2:1.2.0] AndroidManifest.xml:26:13-68
136            android:exported="false" >
136-->[androidx.emoji2:emoji2:1.2.0] AndroidManifest.xml:27:13-37
137            <meta-data
137-->[androidx.emoji2:emoji2:1.2.0] AndroidManifest.xml:29:13-31:52
138                android:name="androidx.emoji2.text.EmojiCompatInitializer"
138-->[androidx.emoji2:emoji2:1.2.0] AndroidManifest.xml:30:17-75
139                android:value="androidx.startup" />
139-->[androidx.emoji2:emoji2:1.2.0] AndroidManifest.xml:31:17-49
140            <meta-data
140-->[androidx.lifecycle:lifecycle-process:2.4.1] AndroidManifest.xml:31:13-33:52
141                android:name="androidx.lifecycle.ProcessLifecycleInitializer"
141-->[androidx.lifecycle:lifecycle-process:2.4.1] AndroidManifest.xml:32:17-78
142                android:value="androidx.startup" />
142-->[androidx.lifecycle:lifecycle-process:2.4.1] AndroidManifest.xml:33:17-49
143        </provider>
144    </application>
145
146</manifest>